<?xml version="1.0" encoding="UTF-8"?>
<!-- Generated by org.testng.reporters.JUnitXMLReporter -->
<testsuite hostname="SHIVA-PC" ignored="1" name="dependency test" tests="2" failures="1" timestamp="27 Sep 2019 05:54:07 GMT" time="0.015" errors="0">
  <testcase name="userReg" time="0.006" classname="com.pom.rough.Dependencies_TestCase">
    <failure type="junit.framework.AssertionFailedError" message="user not registerd to login">
      <![CDATA[junit.framework.AssertionFailedError: user not registerd to login
at junit.framework.Assert.fail(Assert.java:57)
at com.pom.rough.Dependencies_TestCase.userReg(Dependencies_TestCase.java:17)
... Removed 25 stack frames]]>
    </failure>
  </testcase> <!-- userReg -->
  <testcase name="doLogin" time="0.0" classname="com.pom.rough.Dependencies_TestCase">
    <skipped/>
  </testcase> <!-- doLogin -->
  <testcase name="createUser" time="0.0" classname="com.pom.rough.Dependencies_TestCase">
    <ignored/>
  </testcase> <!-- createUser -->
</testsuite> <!-- dependency test -->
